<?xml version="1.0" encoding="ISO-8859-1"?>
<!--

    Copyright (C) 2009 eXo Platform SAS.

    This is free software; you can redistribute it and/or modify it
    under the terms of the GNU Lesser General Public License as
    published by the Free Software Foundation; either version 2.1 of
    the License, or (at your option) any later version.

    This software is distributed in the hope that it will be useful,
    but WITHOUT ANY WARRANTY; without even the implied warranty of
    MERCHANTABILITY or FITNESS FOR A PARTICULAR PURPOSE. See the GNU
    Lesser General Public License for more details.

    You should have received a copy of the GNU Lesser General Public
    License along with this software; if not, write to the Free
    Software Foundation, Inc., 51 Franklin St, Fifth Floor, Boston, MA
    02110-1301 USA, or see the FSF site: http://www.fsf.org.

-->
<repository-service default-repository="db1">
   <repositories>
      <repository name="db1" system-workspace="ws" default-workspace="ws">
         <security-domain>exo-domain</security-domain>
         <!-- access-control>optional</access-control -->
         <!-- access-control>disable</access-control -->
         <session-max-age>1h</session-max-age>
         <authentication-policy>org.exoplatform.services.jcr.impl.core.access.JAASAuthenticator</authentication-policy>
         <workspaces>
            <workspace name="ws">
               <!-- for system storage -->
               <container class="org.exoplatform.services.jcr.impl.storage.jdbc.JDBCWorkspaceDataContainer">
                  <properties>
                     <property name="source-name" value="jdbcjcr" />
                     <property name="dialect" value="mysql" />
                     <property name="multi-db" value="false" />
                     <property name="update-storage" value="false" />
                     <property name="max-buffer-size" value="200k" />
                     <property name="swap-directory" value="target/temp/swap/ws" />
                  </properties>
                  <value-storages>
                     <value-storage id="ws" class="org.exoplatform.services.jcr.impl.storage.value.fs.TreeFileValueStorage">
                        <properties>
                           <property name="path" value="target/temp/values/ws" />
                           <property name="digest-algo" value="MD5" />
                           <property name="vcas-type" value="org.exoplatform.services.jcr.impl.storage.value.cas.JDBCValueContentAddressStorageImpl" />
                           <property name="jdbc-source-name" value="jdbcjcr" />
                           <property name="jdbc-dialect" value="mysql" />
                        </properties>
                        <filters>
                           <filter property-type="Binary" />
                        </filters>
                     </value-storage>
                  </value-storages>
               </container>
               <initializer class="org.exoplatform.services.jcr.impl.core.ScratchWorkspaceInitializer">
                  <properties>
                     <property name="root-nodetype" value="nt:unstructured" />
                  </properties>
               </initializer>
               <!-- initializer class="org.exoplatform.services.jcr.impl.core.RestoreWorkspaceInitializer">
                  <properties>
                     <property name="restore-path" value="./sv_export_root.xml" />
                     <property name="restore-path" value="./src/test/resources/import-export/restore_db1_ws1.xml" />
                  </properties>
               </initializer
-->
               <cache enabled="true" class="org.exoplatform.services.jcr.impl.dataflow.persistent.jbosscache.JBossCacheWorkspaceStorageCache">
                  <properties>
                     <property name="jbosscache-configuration" value="conf/cluster/test-jbosscache-config-ws.xml" />
                  </properties>
               </cache>
               <query-handler class="org.exoplatform.services.jcr.impl.core.query.lucene.SearchIndex">
                  <properties>
                     <property name="index-dir" value="${java.io.tmpdir}/cluster_nfs/db1/ws" />
                     <property name="changesfilter-class" value="org.exoplatform.services.jcr.impl.core.query.jbosscache.JbossCacheIndexChangesFilter" />
                     <property name="changesfilter-config-path" value="conf/cluster/test-jbosscache-indexer-config-exoloader_db1_ws.xml" />
                     <property name="max-volatile-time" value="60" />

                   </properties>
               </query-handler>
               <lock-manager class="org.exoplatform.services.jcr.impl.core.lock.jbosscache.CacheableLockManager">
                  <properties>
                     <property name="time-out" value="15m" />
                     <property name="jbosscache-configuration" value="conf/cluster/test-jbosscache-lock-config_db1_ws.xml" />
                  </properties>
               </lock-manager>
            </workspace>

            <workspace name="ws1">
               <container class="org.exoplatform.services.jcr.impl.storage.jdbc.JDBCWorkspaceDataContainer">
                  <properties>
                     <property name="source-name" value="jdbcjcr" />
                     <property name="dialect" value="mysql" />
                     <property name="multi-db" value="false" />
                     <property name="update-storage" value="false" />
                     <property name="max-buffer-size" value="200k" />
                     <property name="swap-directory" value="target/temp/swap/ws1" />
                  </properties>
                  <value-storages>
                     <value-storage id="ws1" class="org.exoplatform.services.jcr.impl.storage.value.fs.TreeFileValueStorage">
                        <properties>
                           <property name="path" value="target/temp/values/ws1" />
                        </properties>
                        <filters>
                           <filter property-type="Binary" />
                        </filters>
                     </value-storage>
                  </value-storages>
               </container>
               <cache enabled="true" class="org.exoplatform.services.jcr.impl.dataflow.persistent.jbosscache.JBossCacheWorkspaceStorageCache">
                  <properties>
                     <property name="jbosscache-configuration" value="conf/cluster/test-jbosscache-config-ws1.xml" />
                  </properties>
               </cache>
               <query-handler class="org.exoplatform.services.jcr.impl.core.query.lucene.SearchIndex">
                  <properties>
                     <property name="index-dir" value="${java.io.tmpdir}/cluster_nfs/db1/ws1" />
                     <property name="changesfilter-class" value="org.exoplatform.services.jcr.impl.core.query.jbosscache.JbossCacheIndexChangesFilter" />
                     <property name="changesfilter-config-path" value="conf/cluster/test-jbosscache-indexer-config-exoloader_db1_ws1.xml" />
                     <property name="max-volatile-time" value="60" />
                  </properties>
               </query-handler>
               <lock-manager class="org.exoplatform.services.jcr.impl.core.lock.jbosscache.CacheableLockManager">
                  <properties>
                     <property name="time-out" value="15m" />
                     <property name="jbosscache-configuration" value="conf/cluster/test-jbosscache-lock-config_db1_ws1.xml" />
                  </properties>
               </lock-manager>
            </workspace>
         </workspaces>
      </repository>
   </repositories>
</repository-service>
