<?xml version="1.0" encoding="UTF-8"?>
<jbosscache xmlns:xsi="http://www.w3.org/2001/XMLSchema-instance" xmlns="urn:jboss:jbosscache-core:config:3.1">

   <locking useLockStriping="false" concurrencyLevel="50000" lockParentForChildInsertRemove="false" lockAcquisitionTimeout="20000"/>
   
   <!-- Configure the TransactionManager -->
   <transaction transactionManagerLookupClass="org.jboss.cache.transaction.JBossStandaloneJTAManagerLookup" />

   <!-- Enable batching -->
   <invocationBatching enabled="true" />

   <!-- Eviction configuration -->
   <eviction wakeUpInterval="5000">
      <default algorithmClass="org.jboss.cache.eviction.ExpirationAlgorithm"  actionPolicyClass="org.exoplatform.services.jcr.impl.dataflow.persistent.jbosscache.ParentNodeEvictionActionPolicy" 
               eventQueueSize="1000000">
         <property name="maxNodes" value="50000" />
         <property name="warnNoExpirationKey" value="false" />

      <default algorithmClass="org.jboss.cache.eviction.LRUAlgorithm"
               actionPolicyClass="org.exoplatform.services.jcr.impl.dataflow.persistent.jbosscache.ParentNodeEvictionActionPolicy" eventQueueSize="1000000">
         <property name="maxNodes" value="50000" />
         <property name="timeToLive" value="30000" />
      </default>

      </default>
   </eviction>

</jbosscache>
