<!--

    Copyright (C) 2009 eXo Platform SAS.

    This is free software; you can redistribute it and/or modify it
    under the terms of the GNU Lesser General Public License as
    published by the Free Software Foundation; either version 2.1 of
    the License, or (at your option) any later version.

    This software is distributed in the hope that it will be useful,
    but WITHOUT ANY WARRANTY; without even the implied warranty of
    MERCHANTABILITY or FITNESS FOR A PARTICULAR PURPOSE. See the GNU
    Lesser General Public License for more details.

    You should have received a copy of the GNU Lesser General Public
    License along with this software; if not, write to the Free
    Software Foundation, Inc., 51 Franklin St, Fifth Floor, Boston, MA
    02110-1301 USA, or see the FSF site: http://www.fsf.org.

-->
<repository-service default-repository="db1">
   <repositories>
      <repository name="db1" system-workspace="ws" default-workspace="ws1">
         <security-domain>exo-domain</security-domain>
         <access-control>optional</access-control>
         <authentication-policy>org.exoplatform.services.jcr.impl.core.access.JAASAuthenticator</authentication-policy>
         <workspaces>
            <workspace name="ws">
               <!-- for system storage -->
               <container class="org.exoplatform.services.jcr.impl.storage.jdbc.optimisation.CQJDBCWorkspaceDataContainer">
                  <properties>
                     <property name="source-name" value="jdbcjcr" />
                     <property name="dialect" value="auto" />
                     <property name="multi-db" value="true" />
                     <property name="max-buffer-size" value="200k" />
                     <property name="swap-directory" value="target/temp/swap/ws" />
                  </properties>
                  <value-storages>
                     <value-storage id="draft" class="org.exoplatform.services.jcr.impl.storage.value.fs.TreeFileValueStorage">
                        <properties>
                           <property name="path" value="target/temp/values/db1_ws" />
                        </properties>
                        <filters>
                           <filter property-type="Binary" />
                        </filters>
                     </value-storage>
                  </value-storages>
               </container>
               <cache enabled="true">
                  <properties>
                     <property name="max-size" value="5k" />
                     <property name="live-time" value="1h" />
                  </properties>
               </cache>
               <query-handler class="org.exoplatform.services.jcr.impl.core.query.lucene.SearchIndex">
                  <properties>
                     <property name="index-dir" value="target/temp/index/ws" />
                  </properties>
               </query-handler>
               <lock-manager class="org.exoplatform.services.jcr.impl.core.lock.jbosscache.CacheableLockManagerImpl">
                  <properties>
                     <property name="time-out" value="15m" />
                     <property name="jbosscache-configuration" value="conf/standalone/test-jbosscache-lock.xml" />
                     <property name="jbosscache-cl-cache.jdbc.table.name" value="jcrlocks" />
                     <property name="jbosscache-cl-cache.jdbc.table.create" value="true" />
                     <property name="jbosscache-cl-cache.jdbc.table.drop" value="false" />
                     <property name="jbosscache-cl-cache.jdbc.table.primarykey" value="jcrlocks_pk" />
                     <property name="jbosscache-cl-cache.jdbc.fqn.column" value="fqn" />
                     <property name="jbosscache-cl-cache.jdbc.node.column" value="node" />
                     <property name="jbosscache-cl-cache.jdbc.parent.column" value="parent" />
                     <property name="jbosscache-cl-cache.jdbc.datasource" value="jdbcjcr" />
                     <property name="jbosscache-shareable" value="true" />
                  </properties>
               </lock-manager>
            </workspace>

            <workspace name="ws1">
               <container class="org.exoplatform.services.jcr.impl.storage.jdbc.optimisation.CQJDBCWorkspaceDataContainer">
                  <properties>
                     <property name="source-name" value="jdbcjcr1" />
                     <property name="dialect" value="auto" />
                     <property name="multi-db" value="true" />
                     <property name="max-buffer-size" value="200k" />
                     <property name="swap-directory" value="target/temp/swap/ws1" />
                  </properties>
               </container>
               <cache enabled="true">
                  <properties>
                     <property name="max-size" value="5k" />
                     <property name="live-time" value="1h" />
                  </properties>
               </cache>
               <query-handler class="org.exoplatform.services.jcr.impl.core.query.lucene.SearchIndex">
                  <properties>
                     <property name="index-dir" value="target/temp/index/ws1" />
                  </properties>
               </query-handler>
               <lock-manager class="org.exoplatform.services.jcr.impl.core.lock.jbosscache.CacheableLockManagerImpl">
                  <properties>
                     <property name="time-out" value="15m" />
                     <property name="jbosscache-configuration" value="conf/standalone/test-jbosscache-lock.xml" />
                     <property name="jbosscache-cl-cache.jdbc.table.name" value="jcrlocks" />
                     <property name="jbosscache-cl-cache.jdbc.table.create" value="true" />
                     <property name="jbosscache-cl-cache.jdbc.table.drop" value="false" />
                     <property name="jbosscache-cl-cache.jdbc.table.primarykey" value="jcrlocks_pk" />
                     <property name="jbosscache-cl-cache.jdbc.fqn.column" value="fqn" />
                     <property name="jbosscache-cl-cache.jdbc.node.column" value="node" />
                     <property name="jbosscache-cl-cache.jdbc.parent.column" value="parent" />
                     <property name="jbosscache-cl-cache.jdbc.datasource" value="jdbcjcr1" />
                     <property name="jbosscache-shareable" value="true" />
                  </properties>
               </lock-manager>
            </workspace>

            <workspace name="ws2">
               <container class="org.exoplatform.services.jcr.impl.storage.jdbc.optimisation.CQJDBCWorkspaceDataContainer">
                  <properties>
                     <property name="source-name" value="jdbcjcr2" />
                     <property name="dialect" value="auto" />
                     <property name="multi-db" value="true" />
                     <property name="max-buffer-size" value="200k" />
                     <property name="swap-directory" value="target/temp/swap/ws2" />
                  </properties>
               </container>
               <cache enabled="true">
                  <properties>
                     <property name="max-size" value="5k" />
                     <property name="live-time" value="1h" />
                  </properties>
               </cache>
               <query-handler class="org.exoplatform.services.jcr.impl.core.query.lucene.SearchIndex">
                  <properties>
                     <property name="index-dir" value="target/temp/index/ws2" />
                  </properties>
               </query-handler>
               <lock-manager class="org.exoplatform.services.jcr.impl.core.lock.jbosscache.CacheableLockManagerImpl">
                  <properties>
                     <property name="time-out" value="15m" />
                     <property name="jbosscache-configuration" value="conf/standalone/test-jbosscache-lock.xml" />
                     <property name="jbosscache-cl-cache.jdbc.table.name" value="jcrlocks" />
                     <property name="jbosscache-cl-cache.jdbc.table.create" value="true" />
                     <property name="jbosscache-cl-cache.jdbc.table.drop" value="false" />
                     <property name="jbosscache-cl-cache.jdbc.table.primarykey" value="jcrlocks_pk" />
                     <property name="jbosscache-cl-cache.jdbc.fqn.column" value="fqn" />
                     <property name="jbosscache-cl-cache.jdbc.node.column" value="node" />
                     <property name="jbosscache-cl-cache.jdbc.parent.column" value="parent" />
                     <property name="jbosscache-cl-cache.jdbc.datasource" value="jdbcjcr2" />
                     <property name="jbosscache-shareable" value="true" />
                  </properties>
               </lock-manager>
            </workspace>

            <workspace name="ws3">
               <container class="org.exoplatform.services.jcr.impl.storage.jdbc.optimisation.CQJDBCWorkspaceDataContainer">
                  <properties>
                     <property name="source-name" value="jdbcjcr3" />
                     <property name="dialect" value="auto" />
                     <property name="multi-db" value="true" />
                     <property name="max-buffer-size" value="200k" />
                     <property name="swap-directory" value="target/temp/swap/ws3" />
                  </properties>
               </container>
               <cache enabled="true">
                  <properties>
                     <property name="max-size" value="5k" />
                     <property name="live-time" value="1h" />
                  </properties>
               </cache>
               <query-handler class="org.exoplatform.services.jcr.impl.core.query.lucene.SearchIndex">
                  <properties>
                     <property name="index-dir" value="target/temp/index/ws3" />
                  </properties>
               </query-handler>
               <lock-manager class="org.exoplatform.services.jcr.impl.core.lock.jbosscache.CacheableLockManagerImpl">
                  <properties>
                     <property name="time-out" value="15m" />
                     <property name="jbosscache-configuration" value="conf/standalone/test-jbosscache-lock.xml" />
                     <property name="jbosscache-cl-cache.jdbc.table.name" value="jcrlocks" />
                     <property name="jbosscache-cl-cache.jdbc.table.create" value="true" />
                     <property name="jbosscache-cl-cache.jdbc.table.drop" value="false" />
                     <property name="jbosscache-cl-cache.jdbc.table.primarykey" value="jcrlocks_pk" />
                     <property name="jbosscache-cl-cache.jdbc.fqn.column" value="fqn" />
                     <property name="jbosscache-cl-cache.jdbc.node.column" value="node" />
                     <property name="jbosscache-cl-cache.jdbc.parent.column" value="parent" />
                     <property name="jbosscache-cl-cache.jdbc.datasource" value="jdbcjcr3" />
                     <property name="jbosscache-shareable" value="true" />
                  </properties>
               </lock-manager>
            </workspace>

            <workspace name="ws4">
               <container class="org.exoplatform.services.jcr.impl.storage.jdbc.optimisation.CQJDBCWorkspaceDataContainer">
                  <properties>
                     <property name="source-name" value="jdbcjcr4" />
                     <property name="dialect" value="auto" />
                     <property name="multi-db" value="true" />
                     <property name="max-buffer-size" value="200k" />
                     <property name="swap-directory" value="target/temp/swap/ws4" />
                  </properties>
               </container>
               <cache enabled="true">
                  <properties>
                     <property name="max-size" value="5k" />
                     <property name="live-time" value="1h" />
                  </properties>
               </cache>
               <query-handler class="org.exoplatform.services.jcr.impl.core.query.lucene.SearchIndex">
                  <properties>
                     <property name="index-dir" value="target/temp/index/ws4" />
                  </properties>
               </query-handler>
               <lock-manager class="org.exoplatform.services.jcr.impl.core.lock.jbosscache.CacheableLockManagerImpl">
                  <properties>
                     <property name="time-out" value="15m" />
                     <property name="jbosscache-configuration" value="conf/standalone/test-jbosscache-lock.xml" />
                     <property name="jbosscache-cl-cache.jdbc.table.name" value="jcrlocks" />
                     <property name="jbosscache-cl-cache.jdbc.table.create" value="true" />
                     <property name="jbosscache-cl-cache.jdbc.table.drop" value="false" />
                     <property name="jbosscache-cl-cache.jdbc.table.primarykey" value="jcrlocks_pk" />
                     <property name="jbosscache-cl-cache.jdbc.fqn.column" value="fqn" />
                     <property name="jbosscache-cl-cache.jdbc.node.column" value="node" />
                     <property name="jbosscache-cl-cache.jdbc.parent.column" value="parent" />
                     <property name="jbosscache-cl-cache.jdbc.datasource" value="jdbcjcr4" />
                     <property name="jbosscache-shareable" value="true" />
                  </properties>
               </lock-manager>
            </workspace>

            <workspace name="ws5">
               <container class="org.exoplatform.services.jcr.impl.storage.jdbc.optimisation.CQJDBCWorkspaceDataContainer">
                  <properties>
                     <property name="source-name" value="jdbcjcr5" />
                     <property name="dialect" value="auto" />
                     <property name="multi-db" value="true" />
                     <property name="max-buffer-size" value="200k" />
                     <property name="swap-directory" value="target/temp/swap/ws5" />
                  </properties>
               </container>
               <cache enabled="true">
                  <properties>
                     <property name="max-size" value="5k" />
                     <property name="live-time" value="1h" />
                  </properties>
               </cache>
               <query-handler class="org.exoplatform.services.jcr.impl.core.query.lucene.SearchIndex">
                  <properties>
                     <property name="index-dir" value="target/temp/index/ws5" />
                  </properties>
               </query-handler>
               <lock-manager class="org.exoplatform.services.jcr.impl.core.lock.jbosscache.CacheableLockManagerImpl">
                  <properties>
                     <property name="time-out" value="15m" />
                     <property name="jbosscache-configuration" value="conf/standalone/test-jbosscache-lock.xml" />
                     <property name="jbosscache-cl-cache.jdbc.table.name" value="jcrlocks" />
                     <property name="jbosscache-cl-cache.jdbc.table.create" value="true" />
                     <property name="jbosscache-cl-cache.jdbc.table.drop" value="false" />
                     <property name="jbosscache-cl-cache.jdbc.table.primarykey" value="jcrlocks_pk" />
                     <property name="jbosscache-cl-cache.jdbc.fqn.column" value="fqn" />
                     <property name="jbosscache-cl-cache.jdbc.node.column" value="node" />
                     <property name="jbosscache-cl-cache.jdbc.parent.column" value="parent" />
                     <property name="jbosscache-cl-cache.jdbc.datasource" value="jdbcjcr5" />
                     <property name="jbosscache-shareable" value="true" />
                  </properties>
               </lock-manager>
            </workspace>
         </workspaces>
      </repository>\

      <repository name="db2" system-workspace="ws" default-workspace="ws">
         <security-domain>exo-domain</security-domain>
         <access-control>optional</access-control>
         <authentication-policy>org.exoplatform.services.jcr.impl.core.access.JAASAuthenticator</authentication-policy>
         <workspaces>
            <workspace name="ws">
               <!-- for system storage -->
               <container class="org.exoplatform.services.jcr.impl.storage.jdbc.optimisation.CQJDBCWorkspaceDataContainer">
                  <properties>
                     <property name="source-name" value="jdbcjcr19" />
                     <property name="dialect" value="auto" />
                     <property name="multi-db" value="true" />
                     <property name="max-buffer-size" value="200k" />
                     <property name="swap-directory" value="target/temp/swap/db2_ws" />
                  </properties>
               </container>
               <cache enabled="true">
                  <properties>
                     <property name="max-size" value="5k" />
                     <property name="live-time" value="1h" />
                  </properties>
               </cache>
               <query-handler class="org.exoplatform.services.jcr.impl.core.query.lucene.SearchIndex">
                  <properties>
                     <property name="index-dir" value="target/temp/index/db2_ws" />
                  </properties>
               </query-handler>
               <lock-manager class="org.exoplatform.services.jcr.impl.core.lock.jbosscache.CacheableLockManagerImpl">
                  <properties>
                     <property name="time-out" value="15m" />
                     <property name="jbosscache-configuration" value="conf/standalone/test-jbosscache-lock.xml" />
                     <property name="jbosscache-cl-cache.jdbc.table.name" value="jcrlocks" />
                     <property name="jbosscache-cl-cache.jdbc.table.create" value="true" />
                     <property name="jbosscache-cl-cache.jdbc.table.drop" value="false" />
                     <property name="jbosscache-cl-cache.jdbc.table.primarykey" value="jcrlocks_pk" />
                     <property name="jbosscache-cl-cache.jdbc.fqn.column" value="fqn" />
                     <property name="jbosscache-cl-cache.jdbc.node.column" value="node" />
                     <property name="jbosscache-cl-cache.jdbc.parent.column" value="parent" />
                     <property name="jbosscache-cl-cache.jdbc.datasource" value="jdbcjcr19" />
                     <property name="jbosscache-shareable" value="true" />
                  </properties>
               </lock-manager>
            </workspace>
         </workspaces>
      </repository>
      
      <repository name="db3" system-workspace="ws" default-workspace="ws">
         <security-domain>exo-domain</security-domain>
         <access-control>optional</access-control>
         <authentication-policy>org.exoplatform.services.jcr.impl.core.access.JAASAuthenticator</authentication-policy>
         <workspaces>
            <workspace name="ws">
               <container class="org.exoplatform.services.jcr.impl.storage.jdbc.optimisation.CQJDBCWorkspaceDataContainer">
                  <properties>
                     <property name="source-name" value="jdbcjcr6" />
                     <property name="multi-db" value="false" />
                     <property name="max-buffer-size" value="200k" />
                     <property name="swap-directory" value="target/temp/swap/db3ws" />
                  </properties>
                  <value-storages>
                     <value-storage id="ws" class="org.exoplatform.services.jcr.impl.storage.value.fs.TreeFileValueStorage">
                        <properties>
                           <property name="path" value="target/temp/values/db3ws" />
                        </properties>
                        <filters>
                           <filter property-type="Binary" />
                        </filters>
                     </value-storage>
                  </value-storages>
               </container>
               <initializer class="org.exoplatform.services.jcr.impl.core.ScratchWorkspaceInitializer">
                  <properties>
                     <property name="root-nodetype" value="nt:unstructured" />
                  </properties>
               </initializer>
               <cache enabled="true" class="org.exoplatform.services.jcr.impl.dataflow.persistent.LinkedWorkspaceStorageCacheImpl">
                  <properties>
                     <property name="max-size" value="10k" />
                     <property name="live-time" value="1h" />
                  </properties>
               </cache>
               <query-handler class="org.exoplatform.services.jcr.impl.core.query.lucene.SearchIndex">
                  <properties>
                     <property name="index-dir" value="target/temp/jcrlucenedb/db3ws" />
                  </properties>
               </query-handler>
               <lock-manager class="org.exoplatform.services.jcr.impl.core.lock.jbosscache.CacheableLockManagerImpl">
                  <properties>
                     <property name="time-out" value="15m" />
                     <property name="jbosscache-configuration" value="conf/standalone/test-jbosscache-lock.xml" />
                     <property name="jbosscache-cl-cache.jdbc.table.name" value="jcrlocks" />
                     <property name="jbosscache-cl-cache.jdbc.table.create" value="true" />
                     <property name="jbosscache-cl-cache.jdbc.table.drop" value="false" />
                     <property name="jbosscache-cl-cache.jdbc.table.primarykey" value="jcrlocks_pk" />
                     <property name="jbosscache-cl-cache.jdbc.fqn.column" value="fqn" />
                     <property name="jbosscache-cl-cache.jdbc.node.column" value="node" />
                     <property name="jbosscache-cl-cache.jdbc.parent.column" value="parent" />
                     <property name="jbosscache-cl-cache.jdbc.datasource" value="jdbcjcr6" />
                     <property name="jbosscache-shareable" value="true" />
                  </properties>
               </lock-manager>
            </workspace>

            <workspace name="ws1">
               <container class="org.exoplatform.services.jcr.impl.storage.jdbc.optimisation.CQJDBCWorkspaceDataContainer">
                  <properties>
                     <property name="source-name" value="jdbcjcr6" />
                     <property name="multi-db" value="false" />
                     <property name="max-buffer-size" value="200k" />
                     <property name="swap-directory" value="target/temp/swap/db3ws1" />
                  </properties>
                  <value-storages>
                     <value-storage id="ws1" class="org.exoplatform.services.jcr.impl.storage.value.fs.TreeFileValueStorage">
                        <properties>
                           <property name="path" value="target/temp/values/db3ws1" />
                        </properties>
                        <filters>
                           <filter property-type="Binary" />
                        </filters>
                     </value-storage>
                  </value-storages>
               </container>
               <initializer class="org.exoplatform.services.jcr.impl.core.ScratchWorkspaceInitializer">
                  <properties>
                     <property name="root-nodetype" value="nt:unstructured" />
                  </properties>
               </initializer>
               <cache enabled="true" class="org.exoplatform.services.jcr.impl.dataflow.persistent.LinkedWorkspaceStorageCacheImpl">
                  <properties>
                     <property name="max-size" value="10k" />
                     <property name="live-time" value="1h" />
                  </properties>
               </cache>
               <query-handler class="org.exoplatform.services.jcr.impl.core.query.lucene.SearchIndex">
                  <properties>
                     <property name="index-dir" value="target/temp/jcrlucenedb/db3ws1" />
                  </properties>
               </query-handler>
               <lock-manager class="org.exoplatform.services.jcr.impl.core.lock.jbosscache.CacheableLockManagerImpl">
                  <properties>
                     <property name="time-out" value="15m" />
                     <property name="jbosscache-configuration" value="conf/standalone/test-jbosscache-lock.xml" />
                     <property name="jbosscache-cl-cache.jdbc.table.name" value="jcrlocks" />
                     <property name="jbosscache-cl-cache.jdbc.table.create" value="true" />
                     <property name="jbosscache-cl-cache.jdbc.table.drop" value="false" />
                     <property name="jbosscache-cl-cache.jdbc.table.primarykey" value="jcrlocks_pk" />
                     <property name="jbosscache-cl-cache.jdbc.fqn.column" value="fqn" />
                     <property name="jbosscache-cl-cache.jdbc.node.column" value="node" />
                     <property name="jbosscache-cl-cache.jdbc.parent.column" value="parent" />
                     <property name="jbosscache-cl-cache.jdbc.datasource" value="jdbcjcr6" />
                     <property name="jbosscache-shareable" value="true" />
                  </properties>
               </lock-manager>
            </workspace>
         </workspaces>
      </repository>

      <repository name="db4" system-workspace="ws" default-workspace="ws">
         <security-domain>exo-domain</security-domain>
         <access-control>optional</access-control>
         <authentication-policy>org.exoplatform.services.jcr.impl.core.access.JAASAuthenticator</authentication-policy>
         <workspaces>
            <workspace name="ws">
               <container class="org.exoplatform.services.jcr.impl.storage.jdbc.optimisation.CQJDBCWorkspaceDataContainer">
                  <properties>
                     <property name="source-name" value="jdbcjcr7" />
                     <property name="multi-db" value="true" />
                     <property name="max-buffer-size" value="200k" />
                     <property name="swap-directory" value="target/temp/swap/db4ws" />
                  </properties>
                  <value-storages>
                     <value-storage id="ws" class="org.exoplatform.services.jcr.impl.storage.value.fs.TreeFileValueStorage">
                        <properties>
                           <property name="path" value="target/temp/values/db4ws" />
                        </properties>
                        <filters>
                           <filter property-type="Binary" />
                        </filters>
                     </value-storage>
                  </value-storages>
               </container>
               <initializer class="org.exoplatform.services.jcr.impl.core.ScratchWorkspaceInitializer">
                  <properties>
                     <property name="root-nodetype" value="nt:unstructured" />
                  </properties>
               </initializer>
               <cache enabled="true" class="org.exoplatform.services.jcr.impl.dataflow.persistent.LinkedWorkspaceStorageCacheImpl">
                  <properties>
                     <property name="max-size" value="10k" />
                     <property name="live-time" value="1h" />
                  </properties>
               </cache>
               <query-handler class="org.exoplatform.services.jcr.impl.core.query.lucene.SearchIndex">
                  <properties>
                     <property name="index-dir" value="target/temp/jcrlucenedb/db4ws" />
                  </properties>
               </query-handler>
               <lock-manager class="org.exoplatform.services.jcr.impl.core.lock.jbosscache.CacheableLockManagerImpl">
                  <properties>
                     <property name="time-out" value="15m" />
                     <property name="jbosscache-configuration" value="conf/standalone/test-jbosscache-lock.xml" />
                     <property name="jbosscache-cl-cache.jdbc.table.name" value="jcrlocks" />
                     <property name="jbosscache-cl-cache.jdbc.table.create" value="true" />
                     <property name="jbosscache-cl-cache.jdbc.table.drop" value="false" />
                     <property name="jbosscache-cl-cache.jdbc.table.primarykey" value="jcrlocks_pk" />
                     <property name="jbosscache-cl-cache.jdbc.fqn.column" value="fqn" />
                     <property name="jbosscache-cl-cache.jdbc.node.column" value="node" />
                     <property name="jbosscache-cl-cache.jdbc.parent.column" value="parent" />
                     <property name="jbosscache-cl-cache.jdbc.datasource" value="jdbcjcr7" />
                     <property name="jbosscache-shareable" value="true" />
                  </properties>
               </lock-manager>
            </workspace>

            <workspace name="ws1">
               <container class="org.exoplatform.services.jcr.impl.storage.jdbc.optimisation.CQJDBCWorkspaceDataContainer">
                  <properties>
                     <property name="source-name" value="jdbcjcr8" />
                     <property name="multi-db" value="true" />
                     <property name="max-buffer-size" value="200k" />
                     <property name="swap-directory" value="target/temp/swap/db4ws1" />
                  </properties>
                  <value-storages>
                     <value-storage id="ws1" class="org.exoplatform.services.jcr.impl.storage.value.fs.TreeFileValueStorage">
                        <properties>
                           <property name="path" value="target/temp/values/db4ws1" />
                        </properties>
                        <filters>
                           <filter property-type="Binary" />
                        </filters>
                     </value-storage>
                  </value-storages>
               </container>
               <initializer class="org.exoplatform.services.jcr.impl.core.ScratchWorkspaceInitializer">
                  <properties>
                     <property name="root-nodetype" value="nt:unstructured" />
                  </properties>
               </initializer>
               <cache enabled="true" class="org.exoplatform.services.jcr.impl.dataflow.persistent.LinkedWorkspaceStorageCacheImpl">
                  <properties>
                     <property name="max-size" value="10k" />
                     <property name="live-time" value="1h" />
                  </properties>
               </cache>
               <query-handler class="org.exoplatform.services.jcr.impl.core.query.lucene.SearchIndex">
                  <properties>
                     <property name="index-dir" value="target/temp/jcrlucenedb/db4ws1" />
                  </properties>
               </query-handler>
               <lock-manager class="org.exoplatform.services.jcr.impl.core.lock.jbosscache.CacheableLockManagerImpl">
                  <properties>
                     <property name="time-out" value="15m" />
                     <property name="jbosscache-configuration" value="conf/standalone/test-jbosscache-lock.xml" />
                     <property name="jbosscache-cl-cache.jdbc.table.name" value="jcrlocks" />
                     <property name="jbosscache-cl-cache.jdbc.table.create" value="true" />
                     <property name="jbosscache-cl-cache.jdbc.table.drop" value="false" />
                     <property name="jbosscache-cl-cache.jdbc.table.primarykey" value="jcrlocks_pk" />
                     <property name="jbosscache-cl-cache.jdbc.fqn.column" value="fqn" />
                     <property name="jbosscache-cl-cache.jdbc.node.column" value="node" />
                     <property name="jbosscache-cl-cache.jdbc.parent.column" value="parent" />
                     <property name="jbosscache-cl-cache.jdbc.datasource" value="jdbcjcr8" />
                     <property name="jbosscache-shareable" value="true" />
                  </properties>
               </lock-manager>
            </workspace>
         </workspaces>
      </repository>     
      
      <repository name="db5" system-workspace="ws" default-workspace="ws">
         <security-domain>exo-domain</security-domain>
         <access-control>optional</access-control>
         <authentication-policy>org.exoplatform.services.jcr.impl.core.access.JAASAuthenticator</authentication-policy>
         <workspaces>
            <workspace name="ws">
               <!-- for system storage -->
               <container class="org.exoplatform.services.jcr.impl.storage.jdbc.optimisation.CQJDBCWorkspaceDataContainer">
                  <properties>
                     <property name="source-name" value="jdbcjcr21" />
                     <property name="dialect" value="auto" />
                     <property name="multi-db" value="true" />
                     <property name="max-buffer-size" value="200k" />
                     <property name="swap-directory" value="target/temp/swap/db5_ws" />
                  </properties>
               </container>
               <cache enabled="true">
                  <properties>
                     <property name="max-size" value="5k" />
                     <property name="live-time" value="1h" />
                  </properties>
               </cache>
               <query-handler class="org.exoplatform.services.jcr.impl.core.query.lucene.SearchIndex">
                  <properties>
                     <property name="index-dir" value="target/temp/index/db5_ws" />
                  </properties>
               </query-handler>
               <lock-manager class="org.exoplatform.services.jcr.impl.core.lock.jbosscache.CacheableLockManagerImpl">
                  <properties>
                     <property name="time-out" value="15m" />
                     <property name="jbosscache-configuration" value="conf/standalone/test-jbosscache-lock.xml" />
                     <property name="jbosscache-cl-cache.jdbc.table.name" value="jcrlocks" />
                     <property name="jbosscache-cl-cache.jdbc.table.create" value="true" />
                     <property name="jbosscache-cl-cache.jdbc.table.drop" value="false" />
                     <property name="jbosscache-cl-cache.jdbc.table.primarykey" value="jcrlocks_pk" />
                     <property name="jbosscache-cl-cache.jdbc.fqn.column" value="fqn" />
                     <property name="jbosscache-cl-cache.jdbc.node.column" value="node" />
                     <property name="jbosscache-cl-cache.jdbc.parent.column" value="parent" />
                     <property name="jbosscache-cl-cache.jdbc.datasource" value="jdbcjcr21" />
                     <property name="jbosscache-shareable" value="true" />
                  </properties>
               </lock-manager>
            </workspace>

            <workspace name="ws1">
               <!-- for system storage -->
               <container class="org.exoplatform.services.jcr.impl.storage.jdbc.optimisation.CQJDBCWorkspaceDataContainer">
                  <properties>
                     <property name="source-name" value="jdbcjcr23" />
                     <property name="dialect" value="auto" />
                     <property name="multi-db" value="true" />
                     <property name="max-buffer-size" value="200k" />
                     <property name="swap-directory" value="target/temp/swap/db5_ws1" />
                  </properties>
               </container>
               <cache enabled="true">
                  <properties>
                     <property name="max-size" value="5k" />
                     <property name="live-time" value="1h" />
                  </properties>
               </cache>
               <query-handler class="org.exoplatform.services.jcr.impl.core.query.lucene.SearchIndex">
                  <properties>
                     <property name="index-dir" value="target/temp/index/db5_ws1" />
                  </properties>
               </query-handler>
               <lock-manager class="org.exoplatform.services.jcr.impl.core.lock.jbosscache.CacheableLockManagerImpl">
                  <properties>
                     <property name="time-out" value="15m" />
                     <property name="jbosscache-configuration" value="conf/standalone/test-jbosscache-lock.xml" />
                     <property name="jbosscache-cl-cache.jdbc.table.name" value="jcrlocks" />
                     <property name="jbosscache-cl-cache.jdbc.table.create" value="true" />
                     <property name="jbosscache-cl-cache.jdbc.table.drop" value="false" />
                     <property name="jbosscache-cl-cache.jdbc.table.primarykey" value="jcrlocks_pk" />
                     <property name="jbosscache-cl-cache.jdbc.fqn.column" value="fqn" />
                     <property name="jbosscache-cl-cache.jdbc.node.column" value="node" />
                     <property name="jbosscache-cl-cache.jdbc.parent.column" value="parent" />
                     <property name="jbosscache-cl-cache.jdbc.datasource" value="jdbcjcr23" />
                     <property name="jbosscache-shareable" value="true" />
                  </properties>
               </lock-manager>
            </workspace>
         </workspaces>
      </repository>

      <repository name="db6" system-workspace="ws" default-workspace="ws">
         <security-domain>exo-domain</security-domain>
         <access-control>optional</access-control>
         <authentication-policy>org.exoplatform.services.jcr.impl.core.access.JAASAuthenticator</authentication-policy>
         <workspaces>
            <workspace name="ws">
               <!-- for system storage -->
               <container class="org.exoplatform.services.jcr.impl.storage.jdbc.optimisation.CQJDBCWorkspaceDataContainer">
                  <properties>
                     <property name="source-name" value="jdbcjcr24" />
                     <property name="dialect" value="auto" />
                     <property name="multi-db" value="false" />
                     <property name="max-buffer-size" value="200k" />
                     <property name="swap-directory" value="target/temp/swap/db6_ws" />
                  </properties>
               </container>
               <cache enabled="true">
                  <properties>
                     <property name="max-size" value="5k" />
                     <property name="live-time" value="1h" />
                  </properties>
               </cache>
               <query-handler class="org.exoplatform.services.jcr.impl.core.query.lucene.SearchIndex">
                  <properties>
                     <property name="index-dir" value="target/temp/index/db6_ws" />
                  </properties>
               </query-handler>
               <lock-manager class="org.exoplatform.services.jcr.impl.core.lock.jbosscache.CacheableLockManagerImpl">
                  <properties>
                     <property name="time-out" value="15m" />
                     <property name="jbosscache-configuration" value="conf/standalone/test-jbosscache-lock.xml" />
                     <property name="jbosscache-cl-cache.jdbc.table.name" value="jcrlocks" />
                     <property name="jbosscache-cl-cache.jdbc.table.create" value="true" />
                     <property name="jbosscache-cl-cache.jdbc.table.drop" value="false" />
                     <property name="jbosscache-cl-cache.jdbc.table.primarykey" value="jcrlocks_pk" />
                     <property name="jbosscache-cl-cache.jdbc.fqn.column" value="fqn" />
                     <property name="jbosscache-cl-cache.jdbc.node.column" value="node" />
                     <property name="jbosscache-cl-cache.jdbc.parent.column" value="parent" />
                     <property name="jbosscache-cl-cache.jdbc.datasource" value="jdbcjcr24" />
                     <property name="jbosscache-shareable" value="true" />
                  </properties>
               </lock-manager>
            </workspace>

            <workspace name="ws1">
               <container class="org.exoplatform.services.jcr.impl.storage.jdbc.optimisation.CQJDBCWorkspaceDataContainer">
                  <properties>
                     <property name="source-name" value="jdbcjcr25" />
                     <property name="dialect" value="auto" />
                     <property name="multi-db" value="false" />
                     <property name="max-buffer-size" value="200k" />
                     <property name="swap-directory" value="target/temp/swap/db6_ws1" />
                  </properties>
               </container>
               <cache enabled="true">
                  <properties>
                     <property name="max-size" value="5k" />
                     <property name="live-time" value="1h" />
                  </properties>
               </cache>
               <query-handler class="org.exoplatform.services.jcr.impl.core.query.lucene.SearchIndex">
                  <properties>
                     <property name="index-dir" value="target/temp/index/db6_ws1" />
                  </properties>
               </query-handler>
               <lock-manager class="org.exoplatform.services.jcr.impl.core.lock.jbosscache.CacheableLockManagerImpl">
                  <properties>
                     <property name="time-out" value="15m" />
                     <property name="jbosscache-configuration" value="conf/standalone/test-jbosscache-lock.xml" />
                     <property name="jbosscache-cl-cache.jdbc.table.name" value="jcrlocks" />
                     <property name="jbosscache-cl-cache.jdbc.table.create" value="true" />
                     <property name="jbosscache-cl-cache.jdbc.table.drop" value="false" />
                     <property name="jbosscache-cl-cache.jdbc.table.primarykey" value="jcrlocks_pk" />
                     <property name="jbosscache-cl-cache.jdbc.fqn.column" value="fqn" />
                     <property name="jbosscache-cl-cache.jdbc.node.column" value="node" />
                     <property name="jbosscache-cl-cache.jdbc.parent.column" value="parent" />
                     <property name="jbosscache-cl-cache.jdbc.datasource" value="jdbcjcr25" />
                     <property name="jbosscache-shareable" value="true" />
                  </properties>
               </lock-manager>
            </workspace>

            <workspace name="ws2">
               <container class="org.exoplatform.services.jcr.impl.storage.jdbc.optimisation.CQJDBCWorkspaceDataContainer">
                  <properties>
                     <property name="source-name" value="jdbcjcr26" />
                     <property name="dialect" value="auto" />
                     <property name="multi-db" value="false" />
                     <property name="max-buffer-size" value="200k" />
                     <property name="swap-directory" value="target/temp/swap/db6_ws2" />
                  </properties>
               </container>
               <cache enabled="true">
                  <properties>
                     <property name="max-size" value="5k" />
                     <property name="live-time" value="1h" />
                  </properties>
               </cache>
               <query-handler class="org.exoplatform.services.jcr.impl.core.query.lucene.SearchIndex">
                  <properties>
                     <property name="index-dir" value="target/temp/index/db6_ws2" />
                  </properties>
               </query-handler>
               <lock-manager class="org.exoplatform.services.jcr.impl.core.lock.jbosscache.CacheableLockManagerImpl">
                  <properties>
                     <property name="time-out" value="15m" />
                     <property name="jbosscache-configuration" value="conf/standalone/test-jbosscache-lock.xml" />
                     <property name="jbosscache-cl-cache.jdbc.table.name" value="jcrlocks" />
                     <property name="jbosscache-cl-cache.jdbc.table.create" value="true" />
                     <property name="jbosscache-cl-cache.jdbc.table.drop" value="false" />
                     <property name="jbosscache-cl-cache.jdbc.table.primarykey" value="jcrlocks_pk" />
                     <property name="jbosscache-cl-cache.jdbc.fqn.column" value="fqn" />
                     <property name="jbosscache-cl-cache.jdbc.node.column" value="node" />
                     <property name="jbosscache-cl-cache.jdbc.parent.column" value="parent" />
                     <property name="jbosscache-cl-cache.jdbc.datasource" value="jdbcjcr26" />
                     <property name="jbosscache-shareable" value="true" />
                  </properties>
               </lock-manager>
            </workspace>
         </workspaces>
      </repository>
      
      <repository name="db7" system-workspace="ws" default-workspace="ws">
         <security-domain>exo-domain</security-domain>
         <access-control>optional</access-control>
         <authentication-policy>org.exoplatform.services.jcr.impl.core.access.JAASAuthenticator</authentication-policy>
         <workspaces>
            <workspace name="ws">
               <!-- for system storage -->
               <container class="org.exoplatform.services.jcr.impl.storage.jdbc.optimisation.CQJDBCWorkspaceDataContainer">
                  <properties>
                     <property name="source-name" value="jdbcjcr_to_repository_restore_singel_db" />
                     <property name="dialect" value="auto" />
                     <property name="multi-db" value="false" />
                     <property name="max-buffer-size" value="200k" />
                     <property name="swap-directory" value="target/temp/swap/db7_ws" />
                  </properties>
                  <value-storages>
                     <value-storage id="draft" class="org.exoplatform.services.jcr.impl.storage.value.fs.TreeFileValueStorage">
                        <properties>
                           <property name="path" value="target/temp/values/db7_ws" />
                        </properties>
                        <filters>
                           <filter property-type="Binary" />
                        </filters>
                     </value-storage>
                  </value-storages>
               </container>
               <cache enabled="true">
                  <properties>
                     <property name="max-size" value="5k" />
                     <property name="live-time" value="1h" />
                  </properties>
               </cache>
               <query-handler class="org.exoplatform.services.jcr.impl.core.query.lucene.SearchIndex">
                  <properties>
                     <property name="index-dir" value="target/temp/index/db7_ws" />
                  </properties>
               </query-handler>
               <lock-manager class="org.exoplatform.services.jcr.impl.core.lock.jbosscache.CacheableLockManagerImpl">
                  <properties>
                     <property name="time-out" value="15m" />
                     <property name="jbosscache-configuration" value="conf/standalone/test-jbosscache-lock.xml" />
                     <property name="jbosscache-cl-cache.jdbc.table.name" value="jcrlocks" />
                     <property name="jbosscache-cl-cache.jdbc.table.create" value="true" />
                     <property name="jbosscache-cl-cache.jdbc.table.drop" value="false" />
                     <property name="jbosscache-cl-cache.jdbc.table.primarykey" value="jcrlocks_pk" />
                     <property name="jbosscache-cl-cache.jdbc.fqn.column" value="fqn" />
                     <property name="jbosscache-cl-cache.jdbc.node.column" value="node" />
                     <property name="jbosscache-cl-cache.jdbc.parent.column" value="parent" />
                     <property name="jbosscache-cl-cache.jdbc.datasource" value="jdbcjcr_to_repository_restore_singel_db" />
                     <property name="jbosscache-shareable" value="true" />
                  </properties>
               </lock-manager>
            </workspace>

            <workspace name="ws1">
               <container class="org.exoplatform.services.jcr.impl.storage.jdbc.optimisation.CQJDBCWorkspaceDataContainer">
                  <properties>
                     <property name="source-name" value="jdbcjcr_to_repository_restore_singel_db" />
                     <property name="dialect" value="auto" />
                     <property name="multi-db" value="false" />
                     <property name="max-buffer-size" value="200k" />
                     <property name="swap-directory" value="target/temp/swap/db7_ws1" />
                  </properties>
                  <value-storages>
                     <value-storage id="draft" class="org.exoplatform.services.jcr.impl.storage.value.fs.TreeFileValueStorage">
                        <properties>
                           <property name="path" value="target/temp/values/db7_ws1" />
                        </properties>
                        <filters>
                           <filter property-type="Binary" />
                        </filters>
                     </value-storage>
                  </value-storages>
               </container>
               <cache enabled="true">
                  <properties>
                     <property name="max-size" value="5k" />
                     <property name="live-time" value="1h" />
                  </properties>
               </cache>
               <query-handler class="org.exoplatform.services.jcr.impl.core.query.lucene.SearchIndex">
                  <properties>
                     <property name="index-dir" value="target/temp/index/db7_ws1" />
                  </properties>
               </query-handler>
               <lock-manager class="org.exoplatform.services.jcr.impl.core.lock.jbosscache.CacheableLockManagerImpl">
                  <properties>
                     <property name="time-out" value="15m" />
                     <property name="jbosscache-configuration" value="conf/standalone/test-jbosscache-lock.xml" />
                     <property name="jbosscache-cl-cache.jdbc.table.name" value="jcrlocks" />
                     <property name="jbosscache-cl-cache.jdbc.table.create" value="true" />
                     <property name="jbosscache-cl-cache.jdbc.table.drop" value="false" />
                     <property name="jbosscache-cl-cache.jdbc.table.primarykey" value="jcrlocks_pk" />
                     <property name="jbosscache-cl-cache.jdbc.fqn.column" value="fqn" />
                     <property name="jbosscache-cl-cache.jdbc.node.column" value="node" />
                     <property name="jbosscache-cl-cache.jdbc.parent.column" value="parent" />
                     <property name="jbosscache-cl-cache.jdbc.datasource" value="jdbcjcr_to_repository_restore_singel_db" />
                     <property name="jbosscache-shareable" value="true" />
                  </properties>
               </lock-manager>
            </workspace>
         </workspaces>
      </repository>
   </repositories>
</repository-service>
