<!--

    Copyright (C) 2009 eXo Platform SAS.

    This is free software; you can redistribute it and/or modify it
    under the terms of the GNU Lesser General Public License as
    published by the Free Software Foundation; either version 2.1 of
    the License, or (at your option) any later version.

    This software is distributed in the hope that it will be useful,
    but WITHOUT ANY WARRANTY; without even the implied warranty of
    MERCHANTABILITY or FITNESS FOR A PARTICULAR PURPOSE. See the GNU
    Lesser General Public License for more details.

    You should have received a copy of the GNU Lesser General Public
    License along with this software; if not, write to the Free
    Software Foundation, Inc., 51 Franklin St, Fifth Floor, Boston, MA
    02110-1301 USA, or see the FSF site: http://www.fsf.org.

-->
<repository-service default-repository="db1">
   <repositories>
      <repository name="db1" system-workspace="ws" default-workspace="ws">
         <security-domain>exo-domain</security-domain>
         <access-control>optional</access-control>
         <authentication-policy>org.exoplatform.services.jcr.impl.core.access.JAASAuthenticator</authentication-policy>
         <workspaces>
            <workspace name="ws">
               <!-- for system storage -->
               <container class="org.exoplatform.services.jcr.impl.storage.jdbc.JDBCWorkspaceDataContainer">
                  <properties>
                     <property name="source-name" value="jdbcjcr" />
                     <property name="dialect" value="hsqldb" />
                     <property name="multi-db" value="true" />
                     <property name="update-storage" value="true" />
                     <property name="max-buffer-size" value="200k" />
                     <property name="swap-directory" value="target/temp/swap/ws" />
                  </properties>
               </container>
               <cache enabled="true">
                  <properties>
                     <property name="max-size" value="5k" />
                     <property name="live-time" value="1h" />
                  </properties>
               </cache>
               <query-handler class="org.exoplatform.services.jcr.impl.core.query.lucene.SearchIndex">
                  <properties>
                     <property name="index-dir" value="target/temp/index/ws" />
                  </properties>
               </query-handler>
            </workspace>
            <workspace name="ws1">
               <container class="org.exoplatform.services.jcr.impl.storage.jdbc.JDBCWorkspaceDataContainer">
                  <properties>
                     <property name="source-name" value="jdbcjcr1" />
                     <property name="dialect" value="hsqldb" />
                     <property name="multi-db" value="true" />
                     <property name="update-storage" value="true" />
                     <property name="max-buffer-size" value="200k" />
                     <property name="swap-directory" value="target/temp/swap/ws1" />
                  </properties>
               </container>
               <cache enabled="true">
                  <properties>
                     <property name="max-size" value="5k" />
                     <property name="live-time" value="1h" />
                  </properties>
               </cache>
               <query-handler class="org.exoplatform.services.jcr.impl.core.query.lucene.SearchIndex">
                  <properties>
                     <property name="index-dir" value="target/temp/index/ws1" />
                  </properties>
               </query-handler>
            </workspace>
            <workspace name="ws2" auto-init-root-nodetype="nt:unstructured">
               <container class="org.exoplatform.services.jcr.impl.storage.jdbc.JDBCWorkspaceDataContainer">
                  <properties>
                     <property name="source-name" value="jdbcjcr2" />
                     <property name="dialect" value="hsqldb" />
                     <property name="multi-db" value="true" />
                     <property name="update-storage" value="true" />
                     <property name="max-buffer-size" value="200k" />
                     <property name="swap-directory" value="target/temp/swap/ws2" />
                  </properties>
               </container>
               <cache enabled="true">
                  <properties>
                     <property name="max-size" value="5k" />
                     <property name="live-time" value="1h" />
                  </properties>
               </cache>
               <query-handler class="org.exoplatform.services.jcr.impl.core.query.lucene.SearchIndex">
                  <properties>
                     <property name="index-dir" value="target/temp/index/ws2" />
                  </properties>
               </query-handler>
            </workspace>
            <workspace name="ws3" auto-init-root-nodetype="nt:unstructured">
               <container class="org.exoplatform.services.jcr.impl.storage.jdbc.JDBCWorkspaceDataContainer">
                  <properties>
                     <property name="source-name" value="jdbcjcr3" />
                     <property name="dialect" value="hsqldb" />
                     <property name="multi-db" value="true" />
                     <property name="update-storage" value="true" />
                     <property name="max-buffer-size" value="200k" />
                     <property name="swap-directory" value="target/temp/swap/ws3" />
                  </properties>
               </container>
               <cache enabled="true">
                  <properties>
                     <property name="max-size" value="5k" />
                     <property name="live-time" value="1h" />
                  </properties>
               </cache>
               <query-handler class="org.exoplatform.services.jcr.impl.core.query.lucene.SearchIndex">
                  <properties>
                     <property name="index-dir" value="target/temp/index/ws3" />
                  </properties>
               </query-handler>
            </workspace>
            <workspace name="ws4" auto-init-root-nodetype="nt:unstructured">
               <container class="org.exoplatform.services.jcr.impl.storage.jdbc.JDBCWorkspaceDataContainer">
                  <properties>
                     <property name="source-name" value="jdbcjcr4" />
                     <property name="dialect" value="hsqldb" />
                     <property name="multi-db" value="true" />
                     <property name="update-storage" value="true" />
                     <property name="max-buffer-size" value="200k" />
                     <property name="swap-directory" value="target/temp/swap/ws4" />
                  </properties>
               </container>
               <cache enabled="true">
                  <properties>
                     <property name="max-size" value="5k" />
                     <property name="live-time" value="1h" />
                  </properties>
               </cache>
               <query-handler class="org.exoplatform.services.jcr.impl.core.query.lucene.SearchIndex">
                  <properties>
                     <property name="index-dir" value="target/temp/index/ws4" />
                  </properties>
               </query-handler>
            </workspace>
            <workspace name="ws5" auto-init-root-nodetype="nt:unstructured">
               <container class="org.exoplatform.services.jcr.impl.storage.jdbc.JDBCWorkspaceDataContainer">
                  <properties>
                     <property name="source-name" value="jdbcjcr5" />
                     <property name="dialect" value="hsqldb" />
                     <property name="multi-db" value="true" />
                     <property name="update-storage" value="true" />
                     <property name="max-buffer-size" value="200k" />
                     <property name="swap-directory" value="target/temp/swap/ws5" />
                  </properties>
               </container>
               <cache enabled="true">
                  <properties>
                     <property name="max-size" value="5k" />
                     <property name="live-time" value="1h" />
                  </properties>
               </cache>
               <query-handler class="org.exoplatform.services.jcr.impl.core.query.lucene.SearchIndex">
                  <properties>
                     <property name="index-dir" value="target/temp/index/ws5" />
                  </properties>
               </query-handler>
            </workspace>
         </workspaces>
      </repository>
      <repository name="db2" system-workspace="ws" default-workspace="ws">
         <security-domain>exo-domain</security-domain>
         <access-control>optional</access-control>
         <authentication-policy>org.exoplatform.services.jcr.impl.core.access.JAASAuthenticator</authentication-policy>
         <workspaces>
            <workspace name="ws">
               <!-- for system storage -->
               <container class="org.exoplatform.services.jcr.impl.storage.jdbc.JDBCWorkspaceDataContainer">
                  <properties>
                     <property name="source-name" value="jdbcjcr19" />
                     <property name="dialect" value="hsqldb" />
                     <property name="multi-db" value="true" />
                     <property name="update-storage" value="true" />
                     <property name="max-buffer-size" value="200k" />
                     <property name="swap-directory" value="target/temp2/swap/ws" />
                  </properties>
               </container>
               <cache enabled="true">
                  <properties>
                     <property name="max-size" value="5k" />
                     <property name="live-time" value="1h" />
                  </properties>
               </cache>
               <query-handler class="org.exoplatform.services.jcr.impl.core.query.lucene.SearchIndex">
                  <properties>
                     <property name="index-dir" value="target/temp2/index/ws" />
                  </properties>
               </query-handler>
            </workspace>
         </workspaces>
      </repository>
      <repository name="db3" system-workspace="ws" default-workspace="ws">
         <security-domain>exo-domain</security-domain>
         <access-control>optional</access-control>
         <authentication-policy>org.exoplatform.services.jcr.impl.core.access.JAASAuthenticator</authentication-policy>
         <workspaces>
            <workspace name="ws">
               <!-- for system storage -->
               <container class="org.exoplatform.services.jcr.impl.storage.jdbc.JDBCWorkspaceDataContainer">
                  <properties>
                     <property name="source-name" value="jdbcjcr77" />
                     <property name="dialect" value="hsqldb" />
                     <property name="multi-db" value="false" />
                     <property name="update-storage" value="true" />
                     <property name="max-buffer-size" value="200k" />
                     <property name="swap-directory" value="target/temp/swap/db3_ws" />
                  </properties>
               </container>
               <cache enabled="true">
                  <properties>
                     <property name="max-size" value="5k" />
                     <property name="live-time" value="1h" />
                  </properties>
               </cache>
               <query-handler class="org.exoplatform.services.jcr.impl.core.query.lucene.SearchIndex">
                  <properties>
                     <property name="index-dir" value="target/temp/index/db3_ws" />
                  </properties>
               </query-handler>
            </workspace>
         </workspaces>
      </repository>
      <repository name="db4" system-workspace="ws" default-workspace="ws">
         <security-domain>exo-domain</security-domain>
         <access-control>optional</access-control>
         <authentication-policy>org.exoplatform.services.jcr.impl.core.access.JAASAuthenticator</authentication-policy>
         <workspaces>
            <workspace name="ws">
               <!-- for system storage -->
               <container class="org.exoplatform.services.jcr.impl.storage.jdbc.JDBCWorkspaceDataContainer">
                  <properties>
                     <property name="source-name" value="jdbcjcr20" />
                     <property name="dialect" value="hsqldb" />
                     <property name="multi-db" value="true" />
                     <property name="update-storage" value="true" />
                     <property name="max-buffer-size" value="200k" />
                     <property name="swap-directory" value="target/temp/swap/db4_ws" />
                  </properties>
               </container>
               <cache enabled="true">
                  <properties>
                     <property name="max-size" value="5k" />
                     <property name="live-time" value="1h" />
                  </properties>
               </cache>
               <query-handler class="org.exoplatform.services.jcr.impl.core.query.lucene.SearchIndex">
                  <properties>
                     <property name="index-dir" value="target/temp/index/db4_ws" />
                  </properties>
               </query-handler>
            </workspace>
            <workspace name="ws1">
               <!-- for system storage -->
               <container class="org.exoplatform.services.jcr.impl.storage.jdbc.JDBCWorkspaceDataContainer">
                  <properties>
                     <property name="source-name" value="jdbcjcr22" />
                     <property name="dialect" value="hsqldb" />
                     <property name="multi-db" value="true" />
                     <property name="update-storage" value="true" />
                     <property name="max-buffer-size" value="200k" />
                     <property name="swap-directory" value="target/temp/swap/db4_ws1" />
                  </properties>
               </container>
               <cache enabled="true">
                  <properties>
                     <property name="max-size" value="5k" />
                     <property name="live-time" value="1h" />
                  </properties>
               </cache>
               <query-handler class="org.exoplatform.services.jcr.impl.core.query.lucene.SearchIndex">
                  <properties>
                     <property name="index-dir" value="target/temp/index/db4_ws1" />
                  </properties>
               </query-handler>
            </workspace>
         </workspaces>
      </repository>
      <repository name="db5" system-workspace="ws" default-workspace="ws">
         <security-domain>exo-domain</security-domain>
         <access-control>optional</access-control>
         <authentication-policy>org.exoplatform.services.jcr.impl.core.access.JAASAuthenticator</authentication-policy>
         <workspaces>
            <workspace name="ws">
               <!-- for system storage -->
               <container class="org.exoplatform.services.jcr.impl.storage.jdbc.JDBCWorkspaceDataContainer">
                  <properties>
                     <property name="source-name" value="jdbcjcr21" />
                     <property name="dialect" value="hsqldb" />
                     <property name="multi-db" value="true" />
                     <property name="update-storage" value="true" />
                     <property name="max-buffer-size" value="200k" />
                     <property name="swap-directory" value="target/temp/swap/db5_ws" />
                  </properties>
               </container>
               <cache enabled="true">
                  <properties>
                     <property name="max-size" value="5k" />
                     <property name="live-time" value="1h" />
                  </properties>
               </cache>
               <query-handler class="org.exoplatform.services.jcr.impl.core.query.lucene.SearchIndex">
                  <properties>
                     <property name="index-dir" value="target/temp/index/db5_ws" />
                  </properties>
               </query-handler>
            </workspace>
            <workspace name="ws1">
               <!-- for system storage -->
               <container class="org.exoplatform.services.jcr.impl.storage.jdbc.JDBCWorkspaceDataContainer">
                  <properties>
                     <property name="source-name" value="jdbcjcr23" />
                     <property name="dialect" value="hsqldb" />
                     <property name="multi-db" value="true" />
                     <property name="update-storage" value="true" />
                     <property name="max-buffer-size" value="200k" />
                     <property name="swap-directory" value="target/temp/swap/db5_ws1" />
                  </properties>
               </container>
               <cache enabled="true">
                  <properties>
                     <property name="max-size" value="5k" />
                     <property name="live-time" value="1h" />
                  </properties>
               </cache>
               <query-handler class="org.exoplatform.services.jcr.impl.core.query.lucene.SearchIndex">
                  <properties>
                     <property name="index-dir" value="target/temp/index/db5_ws1" />
                  </properties>
               </query-handler>
            </workspace>
         </workspaces>
      </repository>
      <repository name="db6" system-workspace="ws" default-workspace="ws">
         <security-domain>exo-domain</security-domain>
         <access-control>optional</access-control>
         <authentication-policy>org.exoplatform.services.jcr.impl.core.access.JAASAuthenticator</authentication-policy>
         <workspaces>
            <workspace name="ws">
               <!-- for system storage -->
               <container class="org.exoplatform.services.jcr.impl.storage.jdbc.JDBCWorkspaceDataContainer">
                  <properties>
                     <property name="source-name" value="jdbcjcr24" />
                     <property name="dialect" value="hsqldb" />
                     <property name="multi-db" value="false" />
                     <property name="update-storage" value="true" />
                     <property name="max-buffer-size" value="200k" />
                     <property name="swap-directory" value="target/temp/swap/db6_ws" />
                  </properties>
               </container>
               <cache enabled="true">
                  <properties>
                     <property name="max-size" value="5k" />
                     <property name="live-time" value="1h" />
                  </properties>
               </cache>
               <query-handler class="org.exoplatform.services.jcr.impl.core.query.lucene.SearchIndex">
                  <properties>
                     <property name="index-dir" value="target/temp/index/db6_ws" />
                  </properties>
               </query-handler>
            </workspace>
            <workspace name="ws1">
               <container class="org.exoplatform.services.jcr.impl.storage.jdbc.JDBCWorkspaceDataContainer">
                  <properties>
                     <property name="source-name" value="jdbcjcr24" />
                     <property name="dialect" value="hsqldb" />
                     <property name="multi-db" value="false" />
                     <property name="update-storage" value="true" />
                     <property name="max-buffer-size" value="200k" />
                     <property name="swap-directory" value="target/temp/swap/db6_ws1" />
                  </properties>
               </container>
               <cache enabled="true">
                  <properties>
                     <property name="max-size" value="5k" />
                     <property name="live-time" value="1h" />
                  </properties>
               </cache>
               <query-handler class="org.exoplatform.services.jcr.impl.core.query.lucene.SearchIndex">
                  <properties>
                     <property name="index-dir" value="target/temp/index/db6_ws1" />
                  </properties>
               </query-handler>
            </workspace>
            <workspace name="ws2">
               <container class="org.exoplatform.services.jcr.impl.storage.jdbc.JDBCWorkspaceDataContainer">
                  <properties>
                     <property name="source-name" value="jdbcjcr24" />
                     <property name="dialect" value="hsqldb" />
                     <property name="multi-db" value="false" />
                     <property name="update-storage" value="true" />
                     <property name="max-buffer-size" value="200k" />
                     <property name="swap-directory" value="target/temp/swap/db6_ws2" />
                  </properties>
               </container>
               <cache enabled="true">
                  <properties>
                     <property name="max-size" value="5k" />
                     <property name="live-time" value="1h" />
                  </properties>
               </cache>
               <query-handler class="org.exoplatform.services.jcr.impl.core.query.lucene.SearchIndex">
                  <properties>
                     <property name="index-dir" value="target/temp/index/db6_ws2" />
                  </properties>
               </query-handler>
            </workspace>
         </workspaces>
      </repository>
   </repositories>
</repository-service>
