<!--

    Copyright (C) 2009 eXo Platform SAS.

    This is free software; you can redistribute it and/or modify it
    under the terms of the GNU Lesser General Public License as
    published by the Free Software Foundation; either version 2.1 of
    the License, or (at your option) any later version.

    This software is distributed in the hope that it will be useful,
    but WITHOUT ANY WARRANTY; without even the implied warranty of
    MERCHANTABILITY or FITNESS FOR A PARTICULAR PURPOSE. See the GNU
    Lesser General Public License for more details.

    You should have received a copy of the GNU Lesser General Public
    License along with this software; if not, write to the Free
    Software Foundation, Inc., 51 Franklin St, Fifth Floor, Boston, MA
    02110-1301 USA, or see the FSF site: http://www.fsf.org.

-->
<!-- for persistent mode -->

<repository-service default-repository="db1">
   <repositories>

      <repository name="db1" system-workspace="ws" default-workspace="ws">
         <security-domain>exo-domain</security-domain>
         <access-control>optional</access-control>

         <authentication-policy>org.exoplatform.services.jcr.impl.core.access.JAASAuthenticator</authentication-policy>
         <workspaces>
            <workspace name="ws" auto-init-root-nodetype="nt:unstructured" auto-init-permissions="any read;*:/platform/administrators read;*:/platform/administrators add_node;*:/platform/administrators set_property;*:/platform/administrators remove">
               <container class="org.exoplatform.services.jcr.impl.storage.jdbc.JDBCWorkspaceDataContainer">
                  <properties>
                     <property name="source-name" value="jdbcjcr2" />
                     <property name="dialect" value="generic" />
                     <property name="multi-db" value="true" />
                     <property name="update-storage" value="true" />
                     <property name="max-buffer-size" value="200k" />
                     <property name="swap-directory" value="target/temp1/swap/ws" />
                  </properties>
                  <value-storages>
                     <value-storage id="Storage #1" class="org.exoplatform.services.jcr.impl.storage.value.fs.TreeFileValueStorage">
                        <properties>
                           <property name="path" value="target/temp1/values/ws" />
                        </properties>
                        <filters>
                           <filter property-type="Binary" min-value-size="100000" />
                        </filters>
                     </value-storage>
                  </value-storages>
               </container>
               <cache enabled="true">
                  <properties>
                     <property name="max-size" value="1000" />
                     <property name="live-time" value="1800" />
                  </properties>
               </cache>
               <query-handler class="org.exoplatform.services.jcr.impl.core.query.lucene.SearchIndex">
                  <properties>
                     <property name="index-dir" value="target/temp1/index" />
                  </properties>
               </query-handler>
            </workspace>
         </workspaces>
      </repository>

      <repository name="db2" system-workspace="ws" default-workspace="ws">
         <security-domain>exo-domain</security-domain>
         <access-control>optional</access-control>

         <authentication-policy>org.exoplatform.services.jcr.impl.core.access.JAASAuthenticator</authentication-policy>
         <workspaces>
            <workspace name="ws" auto-init-root-nodetype="nt:unstructured" auto-init-permissions="any read;*:/platform/administrators read;*:/platform/administrators add_node;*:/platform/administrators set_property;*:/platform/administrators remove">
               <container class="org.exoplatform.services.jcr.impl.storage.jdbc.JDBCWorkspaceDataContainer">
                  <properties>
                     <property name="source-name" value="jdbcjcr1" />
                     <property name="dialect" value="generic" />
                     <property name="multi-db" value="true" />
                     <property name="update-storage" value="true" />
                     <property name="max-buffer-size" value="204800" />
                     <property name="swap-directory" value="target/temp2/swap/ws" />
                  </properties>
                  <value-storages>
                     <value-storage id="Storage #1" class="org.exoplatform.services.jcr.impl.storage.value.fs.TreeFileValueStorage">
                        <properties>
                           <property name="path" value="target/temp2/values/ws" />
                        </properties>
                        <filters>
                           <filter property-type="Binary" min-value-size="100000" />
                        </filters>
                     </value-storage>
                  </value-storages>
               </container>
               <cache enabled="true">
                  <properties>
                     <property name="max-size" value="1000" />
                     <property name="live-time" value="1800" />
                  </properties>
               </cache>
               <query-handler class="org.exoplatform.services.jcr.impl.core.query.lucene.SearchIndex">
                  <properties>
                     <property name="index-dir" value="target/temp2/index" />
                  </properties>
               </query-handler>
            </workspace>
         </workspaces>
      </repository>

   </repositories>
</repository-service>


<!-- for proxy mode -->

<!-- repository-service default-repository="db1">
   <repositories>

      <repository name="db1" system-workspace="ws" default-workspace="ws">
         <security-domain>exo-domain</security-domain>
         <access-control>optional</access-control>

         <authentication-policy>org.exoplatform.services.jcr.impl.core.access.JAASAuthenticator</authentication-policy>
         <workspaces>
            <workspace name="ws" auto-init-root-nodetype="nt:unstructured" auto-init-permissions="any read;*:/platform/administrators read;*:/platform/administrators add_node;*:/platform/administrators set_property;*:/platform/administrators remove">
               <container class="org.exoplatform.services.jcr.impl.storage.jdbc.JDBCWorkspaceDataContainer">
                  <properties>
                     <property name="source-name" value="jdbcjcr1" />
                     <property name="dialect" value="generic" />
                     <property name="multi-db" value="true" />
                     <property name="update-storage" value="true" />
                     <property name="max-buffer-size" value="204800" />
                     <property name="swap-directory" value="target/temp1/swap/ws" />
                  </properties>
                  <value-storages>
                     <value-storage id="Storage #1" class="org.exoplatform.services.jcr.impl.storage.value.fs.TreeFileValueStorage">
                        <properties>
                           <property name="path" value="target/temp1/values/ws" />
                        </properties>
                        <filters>
                           <filter property-type="Binary" min-value-size="100000" />
                        </filters>
                     </value-storage>
                  </value-storages>
               </container>
               <cache enabled="true">
                  <properties>
                     <property name="max-size" value="1000" />
                     <property name="live-time" value="1800" />
                  </properties>
               </cache>
               <query-handler class="org.exoplatform.services.jcr.impl.core.query.lucene.SearchIndex">
                  <properties>
                     <property name="index-dir" value="target/temp1/index" />
                  </properties>
               </query-handler>
            </workspace>
         </workspaces>
      </repository>

      <repository name="db2" system-workspace="ws" default-workspace="ws">
         <security-domain>exo-domain</security-domain>
         <access-control>optional</access-control>

         <authentication-policy>org.exoplatform.services.jcr.impl.core.access.JAASAuthenticator</authentication-policy>
         <workspaces>
            <workspace name="ws" auto-init-root-nodetype="nt:unstructured" auto-init-permissions="any read;*:/platform/administrators read;*:/platform/administrators add_node;*:/platform/administrators set_property;*:/platform/administrators remove">
               <container class="org.exoplatform.services.jcr.impl.storage.jdbc.JDBCWorkspaceDataContainer">
                  <properties>
                     <property name="source-name" value="jdbcjcr1" />
                     <property name="dialect" value="generic" />
                     <property name="multi-db" value="true" />
                     <property name="update-storage" value="true" />
                     <property name="max-buffer-size" value="204800" />
                     <property name="swap-directory" value="target/temp1/swap/ws" />
                  </properties>
                  <value-storages>
                     <value-storage id="Storage #1" class="org.exoplatform.services.jcr.impl.storage.value.fs.TreeFileValueStorage">
                        <properties>
                           <property name="path" value="target/temp1/values/ws" />
                        </properties>
                        <filters>
                           <filter property-type="Binary" min-value-size="100000" />
                        </filters>
                     </value-storage>
                  </value-storages>
               </container>
               <cache enabled="true">
                  <properties>
                     <property name="max-size" value="1000" />
                     <property name="live-time" value="1800" />
                  </properties>
               </cache>
               <query-handler class="org.exoplatform.services.jcr.impl.core.query.lucene.SearchIndex">
                  <properties>
                     <property name="index-dir" value="target/temp2/index" />
                  </properties>
               </query-handler>
            </workspace>
         </workspaces>
      </repository>

   </repositories>
</repository-service -->