<!--

    Copyright (C) 2009 eXo Platform SAS.

    This is free software; you can redistribute it and/or modify it
    under the terms of the GNU Lesser General Public License as
    published by the Free Software Foundation; either version 2.1 of
    the License, or (at your option) any later version.

    This software is distributed in the hope that it will be useful,
    but WITHOUT ANY WARRANTY; without even the implied warranty of
    MERCHANTABILITY or FITNESS FOR A PARTICULAR PURPOSE. See the GNU
    Lesser General Public License for more details.

    You should have received a copy of the GNU Lesser General Public
    License along with this software; if not, write to the Free
    Software Foundation, Inc., 51 Franklin St, Fifth Floor, Boston, MA
    02110-1301 USA, or see the FSF site: http://www.fsf.org.

-->
<repository-service default-repository="db1">
   <repositories>
      <repository name="db1" system-workspace="ws" default-workspace="ws">
         <security-domain>exo-domain</security-domain>
         <session-max-age>3600000</session-max-age><!-- 60min -->
         <authentication-policy>org.exoplatform.services.jcr.impl.core.access.JAASAuthenticator</authentication-policy>
         <workspaces>
            <workspace name="ws" auto-init-root-nodetype="nt:unstructured">
               <!-- for system storage -->
               <container class="org.exoplatform.services.jcr.impl.storage.jdbc.optimisation.CQJDBCWorkspaceDataContainer">
                  <properties>
                     <property name="sourceName" value="jdbcjcr" />
                     <property name="dialect" value="generic" />
                     <property name="multi-db" value="false" />
                     <property name="max-buffer-size" value="204800" />
                     <property name="swap-directory" value="target/temp/swap/ws" />
                  </properties>
               </container>
               <cache enabled="true">
                  <properties>
                     <property name="maxSize" value="3000" />
                     <property name="liveTime" value="300" /><!-- 30 sec -->
                  </properties>
               </cache>
               <query-handler class="org.exoplatform.services.jcr.impl.core.query.lucene.SearchIndex">
                  <properties>
                     <property name="indexDir" value="target/temp/index/ws" />
                  </properties>
               </query-handler>
               <lock-manager>
                  <time-out>900000</time-out><!-- 15min -->
                  <persister class="org.exoplatform.services.jcr.impl.core.lock.FileSystemLockPersister">
                     <properties>
                        <property name="path" value="target/temp/lock/ws" />
                     </properties>
                  </persister>
               </lock-manager>
            </workspace>

            <workspace name="ws2" auto-init-root-nodetype="nt:unstructured">
               <!-- for system storage -->
               <container class="org.exoplatform.services.jcr.impl.storage.jdbc.optimisation.CQJDBCWorkspaceDataContainer">
                  <properties>
                     <property name="sourceName" value="jdbcjcr" />
                     <property name="dialect" value="generic" />
                     <property name="multi-db" value="false" />
                     <property name="max-buffer-size" value="204800" />
                     <property name="swap-directory" value="target/temp/swap/ws2" />
                  </properties>
               </container>
               <cache enabled="true">
                  <properties>
                     <property name="maxSize" value="3000" />
                     <property name="liveTime" value="300" /><!-- 30 sec -->
                  </properties>
               </cache>
               <query-handler class="org.exoplatform.services.jcr.impl.core.query.lucene.SearchIndex">
                  <properties>
                     <property name="indexDir" value="target/temp/index/ws2" />
                  </properties>
               </query-handler>
               <lock-manager>
                  <time-out>900000</time-out><!-- 15min -->
                  <persister class="org.exoplatform.services.jcr.impl.core.lock.FileSystemLockPersister">
                     <properties>
                        <property name="path" value="target/temp/lock/ws2" />
                     </properties>
                  </persister>
               </lock-manager>
            </workspace>
         </workspaces>
      </repository>
   </repositories>
</repository-service>