<?xml version="1.0" encoding="ISO-8859-1"?>
<!--

    Copyright (C) 2009 eXo Platform SAS.

    This is free software; you can redistribute it and/or modify it
    under the terms of the GNU Lesser General Public License as
    published by the Free Software Foundation; either version 2.1 of
    the License, or (at your option) any later version.

    This software is distributed in the hope that it will be useful,
    but WITHOUT ANY WARRANTY; without even the implied warranty of
    MERCHANTABILITY or FITNESS FOR A PARTICULAR PURPOSE. See the GNU
    Lesser General Public License for more details.

    You should have received a copy of the GNU Lesser General Public
    License along with this software; if not, write to the Free
    Software Foundation, Inc., 51 Franklin St, Fifth Floor, Boston, MA
    02110-1301 USA, or see the FSF site: http://www.fsf.org.

-->
<configuration xmlns:xsi="http://www.w3.org/2001/XMLSchema-instance" xsi:schemaLocation="http://www.exoplatform.org/xml/ns/kernel_1_2.xsd http://www.exoplatform.org/xml/ns/kernel_1_2.xsd"
   xmlns="http://www.exoplatform.org/xml/ns/kernel_1_2.xsd">

   <component>
      <key>org.exoplatform.services.ftp.FtpServiceImpl</key>
      <type>org.exoplatform.services.ftp.FtpServiceImpl</type>
      <init-params>
         <value-param>
            <name>command-port</name>
            <value>2122</value>
         </value-param>
         <value-param>
            <name>data-min-port</name>
            <value>52000</value>
         </value-param>
         <value-param>
            <name>data-max-port</name>
            <value>53000</value>
         </value-param>
         <value-param>
            <name>system</name>
            <!-- value>Windows_NT</value -->
            <value>UNIX Type: L8</value>
         </value-param>
         <value-param>
            <name>client-side-encoding</name>
            <value>utf-8</value>
            <!-- value>KOI8-R</value -->
         </value-param>
         <value-param>
            <name>def-folder-node-type</name>
            <value>nt:folder</value>
         </value-param>
         <value-param>
            <name>def-file-node-type</name>
            <value>nt:file</value>
         </value-param>
         <value-param>
            <name>def-file-mime-type</name>
            <value>application/octet-stream</value>
         </value-param>
         <value-param>
            <name>cache-folder-name</name>
            <value>target/ftp_cache</value>
         </value-param>

         <!-- bytes per second -->
         <!-- value-param>
        <name>upload-speed-limit</name>       
        <value>20480</value>
      </value-param -->

         <!-- bytes per second -->
         <!-- value-param>
            <name>download-speed-limit</name>       
            <value>20480</value>        
         </value-param -->

         <!-- seconds -->
         <!-- value-param>
            <name>timeout</name>
            <value>60</value>
         </value-param -->
      </init-params>
   </component>

   <component>
      <type>org.exoplatform.services.organization.impl.mock.DummyOrganizationService</type>
   </component>

   <component>
      <key>org.exoplatform.services.jcr.RepositoryService</key>
      <type>org.exoplatform.services.jcr.impl.RepositoryServiceImpl</type>
      <component-plugins>
         <component-plugin>
            <name>add.namespaces</name>
            <set-method>addPlugin</set-method>
            <type>org.exoplatform.services.jcr.impl.AddNamespacesPlugin</type>
            <init-params>
               <properties-param>
                  <name>namespaces</name>
                  <property name="dc" value="http://purl.org/dc/elements/1.1/" />
               </properties-param>
            </init-params>
         </component-plugin>
         <component-plugin>
            <name>add.nodeType</name>
            <set-method>addPlugin</set-method>
            <type>org.exoplatform.services.jcr.impl.AddNodeTypePlugin</type>
            <init-params>
               <values-param>
                  <name>autoCreatedInNewRepository</name>
                  <description>Node types configuration file</description>
                  <value>jar:/conf/ext-nodetypes-config.xml</value>
               </values-param>
            </init-params>
         </component-plugin>
      </component-plugins>
   </component>

   <component>
      <key>org.exoplatform.services.jcr.config.RepositoryServiceConfiguration</key>
      <type>org.exoplatform.services.jcr.impl.config.RepositoryServiceConfigurationImpl</type>
      <init-params>
         <value-param>
            <name>conf-path</name>
            <description>JCR configuration file</description>
            <value>test-jcr-config.xml</value>
         </value-param>
      </init-params>
   </component>

   <external-component-plugins>
      <target-component>org.exoplatform.services.naming.InitialContextInitializer</target-component>
      <component-plugin>
         <name>bind.datasource</name>
         <set-method>addPlugin</set-method>
         <type>org.exoplatform.services.naming.BindReferencePlugin</type>
         <init-params>
            <value-param>
               <name>bind-name</name>
               <value>jdbcjcr</value>
            </value-param>
            <value-param>
               <name>class-name</name>
               <value>javax.sql.DataSource</value>
            </value-param>
            <value-param>
               <name>factory</name>
               <value>org.apache.commons.dbcp.BasicDataSourceFactory</value>
            </value-param>
            <properties-param>
               <name>ref-addresses</name>
               <description>ref-addresses</description>
               <property name="driverClassName" value="org.hsqldb.jdbcDriver" />
               <property name="url" value="jdbc:hsqldb:file:target/temp/data/portal" />
               <property name="username" value="sa" />
               <property name="password" value="" />
            </properties-param>
         </init-params>
      </component-plugin>
   </external-component-plugins>
</configuration>
  